<?xml version="1.0" encoding="UTF-8"?>
<testng-results ignored="0" total="5" passed="5" failed="0" skipped="0">
  <reporter-output>
    <line>
      <![CDATA[[ Reported ] INFOTest case runnning]]>
    </line>
    <line>
      <![CDATA[[ Reported ] FAILFailure Response, Response is null : ]]>
    </line>
    <line>
      <![CDATA[[ Reported ] FAILNull Reposnse received]]>
    </line>
    <line>
      <![CDATA[[ Reported ] FAILFailure Response Recieved with Status code : 400]]>
    </line>
    <line>
      <![CDATA[[ Reported ] PASS{
    "errors": [
        "size must be between 11 and 21"
    ]
}]]>
    </line>
    <line>
      <![CDATA[[ Reported ] FAILFailure Response Recieved with Status code : 400]]>
    </line>
    <line>
      <![CDATA[[ Reported ] FAILFailure Response Recieved with Status code : 405]]>
    </line>
    <line>
      <![CDATA[[ Reported ] PASS]]>
    </line>
    <line>
      <![CDATA[[ Reported ] FAILFailure Response Recieved with Status code : 400]]>
    </line>
    <line>
      <![CDATA[[ Reported ] FAILcheckIn is incorrectly displayed : Expected : null, Recieved : ]]>
    </line>
    <line>
      <![CDATA[[ Reported ] FAILcheckout is incorrectly displayed : Expected : null, Recieved : ]]>
    </line>
    <line>
      <![CDATA[[ Reported ] FAILFailure Response Recieved with Status code : 400]]>
    </line>
    <line>
      <![CDATA[[ Reported ] PASS{
    "errors": [
        "size must be between 11 and 21"
    ]
}]]>
    </line>
    <line>
      <![CDATA[[ Reported ] FAILFailure Response Recieved with Status code : 400]]>
    </line>
    <line>
      <![CDATA[[ Reported ] FAILFailure Response Recieved with Status code : 405]]>
    </line>
    <line>
      <![CDATA[[ Reported ] PASS]]>
    </line>
    <line>
      <![CDATA[[ Reported ] FAILFailure Response Recieved with Status code : 400]]>
    </line>
    <line>
      <![CDATA[[ Reported ] FAILcheckIn is incorrectly displayed : Expected : null, Recieved : ]]>
    </line>
    <line>
      <![CDATA[[ Reported ] FAILcheckout is incorrectly displayed : Expected : null, Recieved : ]]>
    </line>
    <line>
      <![CDATA[[ Reported ] FAILFailure Response Recieved with Status code : 400]]>
    </line>
    <line>
      <![CDATA[[ Reported ] PASS{
    "errors": [
        "size must be between 11 and 21"
    ]
}]]>
    </line>
    <line>
      <![CDATA[[ Reported ] FAILFailure Response Recieved with Status code : 400]]>
    </line>
    <line>
      <![CDATA[[ Reported ] FAILFirst name is incorrectly displayed : Expected : null, Recieved : ]]>
    </line>
    <line>
      <![CDATA[[ Reported ] FAILLast name is incorrectly displayed : Expected : null, Recieved : ]]>
    </line>
    <line>
      <![CDATA[[ Reported ] FAILEmail is incorrectly displayed : Expected : null, Recieved : ]]>
    </line>
    <line>
      <![CDATA[[ Reported ] FAILphone is incorrectly displayed : Expected : null, Recieved : ]]>
    </line>
    <line>
      <![CDATA[[ Reported ] FAILdepositpaid is incorrectly displayed : Expected : null, Recieved : ]]>
    </line>
    <line>
      <![CDATA[[ Reported ] FAILcheckin is incorrectly displayed : Expected : null, Recieved : ]]>
    </line>
    <line>
      <![CDATA[[ Reported ] FAILcheckout is incorrectly displayed : Expected : null, Recieved : ]]>
    </line>
    <line>
      <![CDATA[[ Reported ] FAILroomId is incorrectly displayed : Expected : null, Recieved : ]]>
    </line>
    <line>
      <![CDATA[[ Reported ] FAILbookingid is incorrectly displayed : Expected : null, Recieved : ]]>
    </line>
    <line>
      <![CDATA[[ Reported ] FAILFailure Response Recieved with Status code : 400]]>
    </line>
    <line>
      <![CDATA[[ Reported ] PASS{
    "errors": [
        "size must be between 11 and 21"
    ]
}]]>
    </line>
    <line>
      <![CDATA[[ Reported ] FAILFailure Response Recieved with Status code : 400]]>
    </line>
    <line>
      <![CDATA[[ Reported ] FAILFirst name is incorrectly displayed : Expected : null, Recieved : ]]>
    </line>
    <line>
      <![CDATA[[ Reported ] FAILLast name is incorrectly displayed : Expected : null, Recieved : ]]>
    </line>
    <line>
      <![CDATA[[ Reported ] FAILEmail is incorrectly displayed : Expected : null, Recieved : ]]>
    </line>
    <line>
      <![CDATA[[ Reported ] FAILphone is incorrectly displayed : Expected : null, Recieved : ]]>
    </line>
    <line>
      <![CDATA[[ Reported ] FAILdepositpaid is incorrectly displayed : Expected : null, Recieved : ]]>
    </line>
    <line>
      <![CDATA[[ Reported ] FAILcheckin is incorrectly displayed : Expected : null, Recieved : ]]>
    </line>
    <line>
      <![CDATA[[ Reported ] FAILcheckout is incorrectly displayed : Expected : null, Recieved : ]]>
    </line>
    <line>
      <![CDATA[[ Reported ] FAILroomId is incorrectly displayed : Expected : null, Recieved : ]]>
    </line>
    <line>
      <![CDATA[[ Reported ] FAILbookingid is incorrectly displayed : Expected : null, Recieved : ]]>
    </line>
    <line>
      <![CDATA[[ Reported ] PASSTEST PASSED]]>
    </line>
  </reporter-output>
  <suite started-at="2025-06-26T04:20:04 CEST" name="Default suite" finished-at="2025-06-26T04:20:07 CEST" duration-ms="3200">
    <groups>
      <group name="cucumber">
        <method signature="AbstractTestNGCucumberTests.runScenario(io.cucumber.testng.PickleWrapper,io.cucumber.testng.FeatureWrapper)[pri:0, instance:com.booking.api.restassured.testrunner.TestRunner@5f8e8a9d]" name="runScenario" class="io.cucumber.testng.AbstractTestNGCucumberTests"/>
      </group> <!-- cucumber -->
    </groups>
    <test started-at="2025-06-26T04:20:04 CEST" name="Default test" finished-at="2025-06-26T04:20:07 CEST" duration-ms="3200">
      <class name="com.booking.api.restassured.testrunner.TestRunner">
        <test-method is-config="true" signature="globalSetup()[pri:0, instance:com.booking.api.restassured.testrunner.TestRunner@5f8e8a9d]" started-at="2025-06-26T04:20:04 CEST" name="globalSetup" finished-at="2025-06-26T04:20:04 CEST" duration-ms="166" status="PASS">
          <reporter-output>
            <line>
              <![CDATA[[ Reported ] INFOTest case runnning]]>
            </line>
          </reporter-output>
        </test-method> <!-- globalSetup -->
        <test-method is-config="true" signature="setUpClass(org.testng.ITestContext)[pri:0, instance:com.booking.api.restassured.testrunner.TestRunner@5f8e8a9d]" started-at="2025-06-26T04:20:04 CEST" name="setUpClass" finished-at="2025-06-26T04:20:04 CEST" duration-ms="396" status="PASS">
          <params>
            <param index="0">
              <value>
                <![CDATA[org.testng.TestRunner@6eb5b9e7]]>
              </value>
            </param>
          </params>
          <reporter-output>
          </reporter-output>
        </test-method> <!-- setUpClass -->
        <test-method signature="runScenario(io.cucumber.testng.PickleWrapper,io.cucumber.testng.FeatureWrapper)[pri:0, instance:com.booking.api.restassured.testrunner.TestRunner@5f8e8a9d]" started-at="2025-06-26T04:20:04 CEST" name="runScenario" description="Runs Cucumber Scenarios" data-provider="scenarios" finished-at="2025-06-26T04:20:05 CEST" duration-ms="824" status="PASS">
          <params>
            <param index="0">
              <value>
                <![CDATA["Fetch Auth token details"]]>
              </value>
            </param>
            <param index="1">
              <value>
                <![CDATA["Get Authentication token Details"]]>
              </value>
            </param>
          </params>
          <reporter-output>
            <line>
              <![CDATA[[ Reported ] FAILFailure Response, Response is null : ]]>
            </line>
            <line>
              <![CDATA[[ Reported ] FAILNull Reposnse received]]>
            </line>
          </reporter-output>
        </test-method> <!-- runScenario -->
        <test-method signature="runScenario(io.cucumber.testng.PickleWrapper,io.cucumber.testng.FeatureWrapper)[pri:0, instance:com.booking.api.restassured.testrunner.TestRunner@5f8e8a9d]" started-at="2025-06-26T04:20:05 CEST" name="runScenario" description="Runs Cucumber Scenarios" data-provider="scenarios" finished-at="2025-06-26T04:20:06 CEST" duration-ms="928" status="PASS">
          <params>
            <param index="0">
              <value>
                <![CDATA["Create and Fetch booking details with valid id"]]>
              </value>
            </param>
            <param index="1">
              <value>
                <![CDATA["Get Booking Summary Details"]]>
              </value>
            </param>
          </params>
          <reporter-output>
            <line>
              <![CDATA[[ Reported ] FAILFailure Response Recieved with Status code : 400]]>
            </line>
            <line>
              <![CDATA[[ Reported ] PASS{
    "errors": [
        "size must be between 11 and 21"
    ]
}]]>
            </line>
            <line>
              <![CDATA[[ Reported ] FAILFailure Response Recieved with Status code : 400]]>
            </line>
            <line>
              <![CDATA[[ Reported ] FAILFailure Response Recieved with Status code : 405]]>
            </line>
            <line>
              <![CDATA[[ Reported ] PASS]]>
            </line>
            <line>
              <![CDATA[[ Reported ] FAILFailure Response Recieved with Status code : 400]]>
            </line>
            <line>
              <![CDATA[[ Reported ] FAILcheckIn is incorrectly displayed : Expected : null, Recieved : ]]>
            </line>
            <line>
              <![CDATA[[ Reported ] FAILcheckout is incorrectly displayed : Expected : null, Recieved : ]]>
            </line>
          </reporter-output>
        </test-method> <!-- runScenario -->
        <test-method signature="runScenario(io.cucumber.testng.PickleWrapper,io.cucumber.testng.FeatureWrapper)[pri:0, instance:com.booking.api.restassured.testrunner.TestRunner@5f8e8a9d]" started-at="2025-06-26T04:20:06 CEST" name="runScenario" description="Runs Cucumber Scenarios" data-provider="scenarios" finished-at="2025-06-26T04:20:06 CEST" duration-ms="250" status="PASS">
          <params>
            <param index="0">
              <value>
                <![CDATA["Create and Fetch booking details with valid id"]]>
              </value>
            </param>
            <param index="1">
              <value>
                <![CDATA["Get Booking Summary Details"]]>
              </value>
            </param>
          </params>
          <reporter-output>
            <line>
              <![CDATA[[ Reported ] FAILFailure Response Recieved with Status code : 400]]>
            </line>
            <line>
              <![CDATA[[ Reported ] PASS{
    "errors": [
        "size must be between 11 and 21"
    ]
}]]>
            </line>
            <line>
              <![CDATA[[ Reported ] FAILFailure Response Recieved with Status code : 400]]>
            </line>
            <line>
              <![CDATA[[ Reported ] FAILFailure Response Recieved with Status code : 405]]>
            </line>
            <line>
              <![CDATA[[ Reported ] PASS]]>
            </line>
            <line>
              <![CDATA[[ Reported ] FAILFailure Response Recieved with Status code : 400]]>
            </line>
            <line>
              <![CDATA[[ Reported ] FAILcheckIn is incorrectly displayed : Expected : null, Recieved : ]]>
            </line>
            <line>
              <![CDATA[[ Reported ] FAILcheckout is incorrectly displayed : Expected : null, Recieved : ]]>
            </line>
          </reporter-output>
        </test-method> <!-- runScenario -->
        <test-method signature="runScenario(io.cucumber.testng.PickleWrapper,io.cucumber.testng.FeatureWrapper)[pri:0, instance:com.booking.api.restassured.testrunner.TestRunner@5f8e8a9d]" started-at="2025-06-26T04:20:06 CEST" name="runScenario" description="Runs Cucumber Scenarios" data-provider="scenarios" finished-at="2025-06-26T04:20:07 CEST" duration-ms="538" status="PASS">
          <params>
            <param index="0">
              <value>
                <![CDATA["User should able to create booking request successfully"]]>
              </value>
            </param>
            <param index="1">
              <value>
                <![CDATA["Get Booking Summary Details"]]>
              </value>
            </param>
          </params>
          <reporter-output>
            <line>
              <![CDATA[[ Reported ] FAILFailure Response Recieved with Status code : 400]]>
            </line>
            <line>
              <![CDATA[[ Reported ] PASS{
    "errors": [
        "size must be between 11 and 21"
    ]
}]]>
            </line>
            <line>
              <![CDATA[[ Reported ] FAILFailure Response Recieved with Status code : 400]]>
            </line>
            <line>
              <![CDATA[[ Reported ] FAILFirst name is incorrectly displayed : Expected : null, Recieved : ]]>
            </line>
            <line>
              <![CDATA[[ Reported ] FAILLast name is incorrectly displayed : Expected : null, Recieved : ]]>
            </line>
            <line>
              <![CDATA[[ Reported ] FAILEmail is incorrectly displayed : Expected : null, Recieved : ]]>
            </line>
            <line>
              <![CDATA[[ Reported ] FAILphone is incorrectly displayed : Expected : null, Recieved : ]]>
            </line>
            <line>
              <![CDATA[[ Reported ] FAILdepositpaid is incorrectly displayed : Expected : null, Recieved : ]]>
            </line>
            <line>
              <![CDATA[[ Reported ] FAILcheckin is incorrectly displayed : Expected : null, Recieved : ]]>
            </line>
            <line>
              <![CDATA[[ Reported ] FAILcheckout is incorrectly displayed : Expected : null, Recieved : ]]>
            </line>
            <line>
              <![CDATA[[ Reported ] FAILroomId is incorrectly displayed : Expected : null, Recieved : ]]>
            </line>
            <line>
              <![CDATA[[ Reported ] FAILbookingid is incorrectly displayed : Expected : null, Recieved : ]]>
            </line>
          </reporter-output>
        </test-method> <!-- runScenario -->
        <test-method signature="runScenario(io.cucumber.testng.PickleWrapper,io.cucumber.testng.FeatureWrapper)[pri:0, instance:com.booking.api.restassured.testrunner.TestRunner@5f8e8a9d]" started-at="2025-06-26T04:20:07 CEST" name="runScenario" description="Runs Cucumber Scenarios" data-provider="scenarios" finished-at="2025-06-26T04:20:07 CEST" duration-ms="167" status="PASS">
          <params>
            <param index="0">
              <value>
                <![CDATA["User should able to create booking request successfully"]]>
              </value>
            </param>
            <param index="1">
              <value>
                <![CDATA["Get Booking Summary Details"]]>
              </value>
            </param>
          </params>
          <reporter-output>
            <line>
              <![CDATA[[ Reported ] FAILFailure Response Recieved with Status code : 400]]>
            </line>
            <line>
              <![CDATA[[ Reported ] PASS{
    "errors": [
        "size must be between 11 and 21"
    ]
}]]>
            </line>
            <line>
              <![CDATA[[ Reported ] FAILFailure Response Recieved with Status code : 400]]>
            </line>
            <line>
              <![CDATA[[ Reported ] FAILFirst name is incorrectly displayed : Expected : null, Recieved : ]]>
            </line>
            <line>
              <![CDATA[[ Reported ] FAILLast name is incorrectly displayed : Expected : null, Recieved : ]]>
            </line>
            <line>
              <![CDATA[[ Reported ] FAILEmail is incorrectly displayed : Expected : null, Recieved : ]]>
            </line>
            <line>
              <![CDATA[[ Reported ] FAILphone is incorrectly displayed : Expected : null, Recieved : ]]>
            </line>
            <line>
              <![CDATA[[ Reported ] FAILdepositpaid is incorrectly displayed : Expected : null, Recieved : ]]>
            </line>
            <line>
              <![CDATA[[ Reported ] FAILcheckin is incorrectly displayed : Expected : null, Recieved : ]]>
            </line>
            <line>
              <![CDATA[[ Reported ] FAILcheckout is incorrectly displayed : Expected : null, Recieved : ]]>
            </line>
            <line>
              <![CDATA[[ Reported ] FAILroomId is incorrectly displayed : Expected : null, Recieved : ]]>
            </line>
            <line>
              <![CDATA[[ Reported ] FAILbookingid is incorrectly displayed : Expected : null, Recieved : ]]>
            </line>
          </reporter-output>
        </test-method> <!-- runScenario -->
        <test-method is-config="true" signature="tearDownClass()[pri:0, instance:com.booking.api.restassured.testrunner.TestRunner@5f8e8a9d]" started-at="2025-06-26T04:20:07 CEST" name="tearDownClass" finished-at="2025-06-26T04:20:07 CEST" duration-ms="53" status="PASS">
          <reporter-output>
          </reporter-output>
        </test-method> <!-- tearDownClass -->
        <test-method is-config="true" signature="endGlobalSetup()[pri:0, instance:com.booking.api.restassured.testrunner.TestRunner@5f8e8a9d]" started-at="2025-06-26T04:20:07 CEST" name="endGlobalSetup" finished-at="2025-06-26T04:20:07 CEST" duration-ms="149" status="PASS">
          <reporter-output>
            <line>
              <![CDATA[[ Reported ] PASSTEST PASSED]]>
            </line>
          </reporter-output>
        </test-method> <!-- endGlobalSetup -->
      </class> <!-- com.booking.api.restassured.testrunner.TestRunner -->
    </test> <!-- Default test -->
  </suite> <!-- Default suite -->
</testng-results>
