<?xml version="1.0" encoding="UTF-8"?>
<!-- Generated by org.testng.reporters.JUnitXMLReporter -->
<testsuite ignored="0" hostname="Anusha" failures="4" tests="4" name="REST_API_AUTOMATION" time="1.404" errors="0" timestamp="2025-06-25T23:49:29 CEST">
  <testcase classname="io.cucumber.testng.AbstractTestNGCucumberTests" name="runScenario" time="0.692">
    <failure type="java.lang.NullPointerException" message="Cannot invoke &amp;quot;io.restassured.response.Response.getStatusCode()&amp;quot; because the return value of &amp;quot;com.booking.api.restassured.stepdefinitions.TestContext.getResponse()&amp;quot; is null">
      <![CDATA[java.lang.NullPointerException: Cannot invoke "io.restassured.response.Response.getStatusCode()" because the return value of "com.booking.api.restassured.stepdefinitions.TestContext.getResponse()" is null
at com.booking.api.restassured.stepdefinitions.CreateBooking_StepDefinition.validateStatusCode(CreateBooking_StepDefinition.java:101)
at ✽.Validate status code is 200(file:///C:/Users/macha/OneDrive/Desktop/satvi/API_Testing_Kata/src/test/resources/features/bookingSummary.feature:17)
]]>
    </failure>
  </testcase> <!-- runScenario -->
  <testcase classname="io.cucumber.testng.AbstractTestNGCucumberTests" name="runScenario" time="0.011">
    <failure type="java.lang.NullPointerException" message="Cannot invoke &amp;quot;io.restassured.response.Response.getStatusCode()&amp;quot; because the return value of &amp;quot;com.booking.api.restassured.stepdefinitions.TestContext.getResponse()&amp;quot; is null">
      <![CDATA[java.lang.NullPointerException: Cannot invoke "io.restassured.response.Response.getStatusCode()" because the return value of "com.booking.api.restassured.stepdefinitions.TestContext.getResponse()" is null
at com.booking.api.restassured.stepdefinitions.CreateBooking_StepDefinition.validateStatusCode(CreateBooking_StepDefinition.java:101)
at ✽.Validate status code is 200(file:///C:/Users/macha/OneDrive/Desktop/satvi/API_Testing_Kata/src/test/resources/features/bookingSummary.feature:17)
]]>
    </failure>
  </testcase> <!-- runScenario -->
  <testcase classname="io.cucumber.testng.AbstractTestNGCucumberTests" name="runScenario" time="0.011">
    <failure type="java.lang.NullPointerException" message="Cannot invoke &amp;quot;io.restassured.response.Response.getStatusCode()&amp;quot; because the return value of &amp;quot;com.booking.api.restassured.stepdefinitions.TestContext.getResponse()&amp;quot; is null">
      <![CDATA[java.lang.NullPointerException: Cannot invoke "io.restassured.response.Response.getStatusCode()" because the return value of "com.booking.api.restassured.stepdefinitions.TestContext.getResponse()" is null
at com.booking.api.restassured.stepdefinitions.CreateBooking_StepDefinition.validateStatusCode(CreateBooking_StepDefinition.java:101)
at ✽.Validate status code is 200(file:///C:/Users/macha/OneDrive/Desktop/satvi/API_Testing_Kata/src/test/resources/features/createBooking.feature:18)
]]>
    </failure>
  </testcase> <!-- runScenario -->
  <testcase classname="io.cucumber.testng.AbstractTestNGCucumberTests" name="runScenario" time="0.007">
    <failure type="java.lang.NullPointerException" message="Cannot invoke &amp;quot;io.restassured.response.Response.getStatusCode()&amp;quot; because the return value of &amp;quot;com.booking.api.restassured.stepdefinitions.TestContext.getResponse()&amp;quot; is null">
      <![CDATA[java.lang.NullPointerException: Cannot invoke "io.restassured.response.Response.getStatusCode()" because the return value of "com.booking.api.restassured.stepdefinitions.TestContext.getResponse()" is null
at com.booking.api.restassured.stepdefinitions.CreateBooking_StepDefinition.validateStatusCode(CreateBooking_StepDefinition.java:101)
at ✽.Validate status code is 200(file:///C:/Users/macha/OneDrive/Desktop/satvi/API_Testing_Kata/src/test/resources/features/createBooking.feature:18)
]]>
    </failure>
  </testcase> <!-- runScenario -->
</testsuite> <!-- REST_API_AUTOMATION -->
